Arguments: 
  /home/loki/.nvm/versions/node/v11.15.0/bin/node /usr/share/yarn/bin/yarn.js add next react react-dom

PATH: 
  /home/loki/.deno/bin:/users/loki/flutter/bin:/home/loki/.nvm/versions/node/v11.15.0/bin:/home/loki/.local/bin:/opt/gradle/gradle-6.2/bin:/opt/GitHub Desktop:/usr/local/sbin:/usr/local/bin:/usr/sbin:/usr/bin:/sbin:/bin:/usr/games:/usr/local/games:/snap/bin:/home/loki/.dotnet/tools:/home/loki/Android/Sdk/emulator:/home/loki/Android/Sdk/tools:/home/loki/Android/Sdk/tools/bin:/home/loki/Android/Sdk/platform-tools:/<flutter/extracted/location>/bin

Yarn version: 
  1.22.5

Node version: 
  11.15.0

Platform: 
  linux x64

Trace: 
  Error: https://registry.yarnpkg.com/next: ESOCKETTIMEDOUT
      at ClientRequest.<anonymous> (/usr/share/yarn/lib/cli.js:141376:19)
      at Object.onceWrapper (events.js:281:20)
      at ClientRequest.emit (events.js:193:13)
      at TLSSocket.emitRequestTimeout (_http_client.js:669:40)
      at Object.onceWrapper (events.js:281:20)
      at TLSSocket.emit (events.js:193:13)
      at TLSSocket.Socket._onTimeout (net.js:450:8)
      at listOnTimeout (internal/timers.js:535:17)
      at processTimers (internal/timers.js:479:7)

npm manifest: 
  {
    "name": "shoppin-client",
    "version": "1.0.0",
    "description": "",
    "main": "index.js",
    "scripts": {
      "test": "echo \"Error: no test specified\" && exit 1"
    },
    "keywords": [],
    "author": "",
    "license": "ISC"
  }

yarn manifest: 
  No manifest

Lockfile: 
  No lockfile
